android/app/build/outputs/logs/manifest-merger-debug-report.txt
-- Merging decision tree log ---
manifest
ADDED from src\main\AndroidManifest.xml:1:1-26:12
INJECTED from src\main\AndroidManifest.xml:1:1-26:12
INJECTED from src\main\AndroidManifest.xml:1:1-26:12
INJECTED from src\main\AndroidManifest.xml:1:1-26:12
MERGED from src\main\AndroidManifest.xml:1:1-26:12
MERGED from [:@react-native-community_geolocation] AndroidManifest.xml:2:1-9:12
MERGED from [:@react-native-mapbox-gl_maps] AndroidManifest.xml:2:1-14:12
MERGED from [:react-native-gesture-handler] AndroidManifest.xml:2:1-11:12
MERGED from [:react-native-reanimated] AndroidManifest.xml:2:1-11:12
MERGED from [:react-native-vector-icons] AndroidManifest.xml:2:1-11:12
MERGED from [com.facebook.react:react-native:0.61.5] AndroidManifest.xml:2:1-13:12
MERGED from [org.webkit:android-jsc:r245459] AndroidManifest.xml:2:1-11:12
MERGED from [com.mapbox.mapboxsdk:mapbox-android-plugin-annotation-v8:0.7.0] AndroidManifest.xml:2:1-9:12
MERGED from [com.mapbox.mapboxsdk:mapbox-android-plugin-localization-v8:0.10.0] AndroidManifest.xml:2:1-9:12
MERGED from [com.mapbox.mapboxsdk:mapbox-android-plugin-markerview-v8:0.3.0] AndroidManifest.xml:2:1-9:12
MERGED from [androidx.appcompat:appcompat:1.0.2] AndroidManifest.xml:17:1-22:12
MERGED from [com.facebook.fresco:fresco:2.0.0] AndroidManifest.xml:2:1-9:12
MERGED from [com.facebook.fresco:imagepipeline-okhttp3:2.0.0] AndroidManifest.xml:2:1-9:12
MERGED from [com.mapbox.mapboxsdk:mapbox-android-sdk:8.2.1] AndroidManifest.xml:2:1-20:12
MERGED from [com.facebook.fresco:drawee:2.0.0] AndroidManifest.xml:2:1-9:12
MERGED from [com.facebook.fresco:nativeimagefilters:2.0.0] AndroidManifest.xml:2:1-9:12
MERGED from [com.facebook.fresco:imagepipeline:2.0.0] AndroidManifest.xml:2:1-9:12
MERGED from [com.facebook.fresco:nativeimagetranscoder:2.0.0] AndroidManifest.xml:2:1-9:12
MERGED from [com.facebook.fresco:imagepipeline-base:2.0.0] AndroidManifest.xml:2:1-9:12
MERGED from [com.facebook.soloader:soloader:0.6.0] AndroidManifest.xml:2:1-13:12
MERGED from [com.mapbox.mapboxsdk:mapbox-android-telemetry:4.5.1] AndroidManifest.xml:2:1-30:12
MERGED from [androidx.vectordrawable:vectordrawable-animated:1.0.0] AndroidManifest.xml:17:1-22:12
MERGED from [androidx.vectordrawable:vectordrawable:1.0.1] AndroidManifest.xml:17:1-22:12
MERGED from [androidx.transition:transition:1.1.0] AndroidManifest.xml:17:1-22:12
MERGED from [com.mapbox.mapboxsdk:mapbox-android-gestures:0.5.1] AndroidManifest.xml:2:1-11:12
MERGED from [androidx.fragment:fragment:1.0.0] AndroidManifest.xml:17:1-22:12
MERGED from [androidx.legacy:legacy-support-core-ui:1.0.0] AndroidManifest.xml:17:1-22:12
MERGED from [androidx.legacy:legacy-support-core-utils:1.0.0] AndroidManifest.xml:17:1-22:12
MERGED from [androidx.loader:loader:1.0.0] AndroidManifest.xml:17:1-22:12
MERGED from [androidx.viewpager:viewpager:1.0.0] AndroidManifest.xml:17:1-22:12
MERGED from [androidx.coordinatorlayout:coordinatorlayout:1.0.0] AndroidManifest.xml:17:1-22:12
MERGED from [androidx.drawerlayout:drawerlayout:1.0.0] AndroidManifest.xml:17:1-22:12
MERGED from [androidx.slidingpanelayout:slidingpanelayout:1.0.0] AndroidManifest.xml:17:1-22:12
MERGED from [androidx.customview:customview:1.0.0] AndroidManifest.xml:17:1-22:12
MERGED from [androidx.swiperefreshlayout:swiperefreshlayout:1.0.0] AndroidManifest.xml:17:1-22:12
MERGED from [androidx.asynclayoutinflater:asynclayoutinflater:1.0.0] AndroidManifest.xml:17:1-22:12
MERGED from [androidx.core:core:1.0.1] AndroidManifest.xml:17:1-24:12
MERGED from [androidx.versionedparcelable:versionedparcelable:1.0.0] AndroidManifest.xml:17:1-25:12
MERGED from [androidx.cursoradapter:cursoradapter:1.0.0] AndroidManifest.xml:17:1-22:12
MERGED from [com.mapbox.mapboxsdk:mapbox-android-accounts:0.2.0] AndroidManifest.xml:2:1-9:12
MERGED from [androidx.lifecycle:lifecycle-runtime:2.0.0] AndroidManifest.xml:17:1-22:12
MERGED from [androidx.documentfile:documentfile:1.0.0] AndroidManifest.xml:17:1-22:12
MERGED from [androidx.localbroadcastmanager:localbroadcastmanager:1.0.0] AndroidManifest.xml:17:1-22:12
MERGED from [androidx.print:print:1.0.0] AndroidManifest.xml:17:1-22:12
MERGED from [androidx.lifecycle:lifecycle-viewmodel:2.0.0] AndroidManifest.xml:17:1-22:12
MERGED from [androidx.lifecycle:lifecycle-livedata:2.0.0] AndroidManifest.xml:17:1-22:12
MERGED from [androidx.lifecycle:lifecycle-livedata-core:2.0.0] AndroidManifest.xml:17:1-22:12
MERGED from [androidx.arch.core:core-runtime:2.0.0] AndroidManifest.xml:17:1-22:12
MERGED from [androidx.interpolator:interpolator:1.0.0] AndroidManifest.xml:17:1-22:12
MERGED from [com.facebook.fresco:fbcore:2.0.0] AndroidManifest.xml:2:1-9:12
MERGED from [com.jakewharton.timber:timber:4.7.1] AndroidManifest.xml:2:1-9:12
MERGED from [com.mapbox.mapboxsdk:mapbox-android-core:1.3.0] AndroidManifest.xml:2:1-14:12
INJECTED from src\debug\AndroidManifest.xml:2:1-8:12
INJECTED from src\debug\AndroidManifest.xml:2:1-8:12
INJECTED from src\debug\AndroidManifest.xml:2:1-8:12
	package
		ADDED from src\main\AndroidManifest.xml:2:3-29
		INJECTED from src\main\AndroidManifest.xml
		ADDED from src\main\AndroidManifest.xml:2:3-29
		INJECTED from src\debug\AndroidManifest.xml
	android:versionName
		INJECTED from src\main\AndroidManifest.xml
		ADDED from src\main\AndroidManifest.xml:1:1-26:12
		INJECTED from src\debug\AndroidManifest.xml
	xmlns:tools
		ADDED from src\debug\AndroidManifest.xml:3:5-51
	android:versionCode
		INJECTED from src\main\AndroidManifest.xml
		ADDED from src\main\AndroidManifest.xml:1:1-26:12
		INJECTED from src\debug\AndroidManifest.xml
	xmlns:android
		ADDED from src\main\AndroidManifest.xml:1:11-69
uses-permission#android.permission.INTERNET
ADDED from src\main\AndroidManifest.xml:4:5-67
MERGED from [:@react-native-mapbox-gl_maps] AndroidManifest.xml:11:5-67
MERGED from [:@react-native-mapbox-gl_maps] AndroidManifest.xml:11:5-67
MERGED from [com.mapbox.mapboxsdk:mapbox-android-sdk:8.2.1] AndroidManifest.xml:16:5-67
MERGED from [com.mapbox.mapboxsdk:mapbox-android-sdk:8.2.1] AndroidManifest.xml:16:5-67
MERGED from [com.mapbox.mapboxsdk:mapbox-android-telemetry:4.5.1] AndroidManifest.xml:16:5-67
MERGED from [com.mapbox.mapboxsdk:mapbox-android-telemetry:4.5.1] AndroidManifest.xml:16:5-67
	android:name
		ADDED from src\main\AndroidManifest.xml:4:22-64
application
ADDED from src\main\AndroidManifest.xml:6:5-24:19
MERGED from src\main\AndroidManifest.xml:6:5-24:19
MERGED from src\main\AndroidManifest.xml:6:5-24:19
MERGED from [com.facebook.react:react-native:0.61.5] AndroidManifest.xml:11:5-20
MERGED from [com.facebook.react:react-native:0.61.5] AndroidManifest.xml:11:5-20
MERGED from [com.facebook.soloader:soloader:0.6.0] AndroidManifest.xml:11:5-20
MERGED from [com.facebook.soloader:soloader:0.6.0] AndroidManifest.xml:11:5-20
MERGED from [com.mapbox.mapboxsdk:mapbox-android-telemetry:4.5.1] AndroidManifest.xml:18:5-28:19
MERGED from [com.mapbox.mapboxsdk:mapbox-android-telemetry:4.5.1] AndroidManifest.xml:18:5-28:19
MERGED from [androidx.core:core:1.0.1] AndroidManifest.xml:22:5-89
MERGED from [androidx.core:core:1.0.1] AndroidManifest.xml:22:5-89
MERGED from [androidx.versionedparcelable:versionedparcelable:1.0.0] AndroidManifest.xml:22:5-23:19
MERGED from [androidx.versionedparcelable:versionedparcelable:1.0.0] AndroidManifest.xml:22:5-23:19
MERGED from [com.jakewharton.timber:timber:4.7.1] AndroidManifest.xml:7:5-20
MERGED from [com.jakewharton.timber:timber:4.7.1] AndroidManifest.xml:7:5-20
	android:appComponentFactory
		ADDED from [androidx.core:core:1.0.1] AndroidManifest.xml:22:18-86
	android:label
		ADDED from src\main\AndroidManifest.xml:8:7-39
		ADDED from src\main\AndroidManifest.xml:8:7-39
	tools:ignore
		ADDED from src\debug\AndroidManifest.xml:7:75-114
	android:roundIcon
		ADDED from src\main\AndroidManifest.xml:10:7-52
		ADDED from src\main\AndroidManifest.xml:10:7-52
	tools:targetApi
		ADDED from src\debug\AndroidManifest.xml:7:54-74
	android:icon
		ADDED from src\main\AndroidManifest.xml:9:7-41
		ADDED from src\main\AndroidManifest.xml:9:7-41
	android:allowBackup
		ADDED from src\main\AndroidManifest.xml:11:7-34
		ADDED from src\main\AndroidManifest.xml:11:7-34
	android:theme
		ADDED from src\main\AndroidManifest.xml:12:7-38
		ADDED from src\main\AndroidManifest.xml:12:7-38
	android:usesCleartextTraffic
		ADDED from src\debug\AndroidManifest.xml:7:18-53
	android:name
		ADDED from src\main\AndroidManifest.xml:7:7-38
		ADDED from src\main\AndroidManifest.xml:7:7-38
activity#com.hooksexample.MainActivity
ADDED from src\main\AndroidManifest.xml:13:7-22:18
	android:label
		ADDED from src\main\AndroidManifest.xml:15:9-41
	android:windowSoftInputMode
		ADDED from src\main\AndroidManifest.xml:17:9-51
	android:configChanges
		ADDED from src\main\AndroidManifest.xml:16:9-79
	android:name
		ADDED from src\main\AndroidManifest.xml:14:9-37
intent-filter#action:name:android.intent.action.MAIN+category:name:android.intent.category.LAUNCHER
ADDED from src\main\AndroidManifest.xml:18:9-21:25
action#android.intent.action.MAIN
ADDED from src\main\AndroidManifest.xml:19:13-65
	android:name
		ADDED from src\main\AndroidManifest.xml:19:21-62
category#android.intent.category.LAUNCHER
ADDED from src\main\AndroidManifest.xml:20:13-73
	android:name
		ADDED from src\main\AndroidManifest.xml:20:23-70
activity#com.facebook.react.devsupport.DevSettingsActivity
ADDED from src\main\AndroidManifest.xml:23:7-84
	android:name
		ADDED from src\main\AndroidManifest.xml:23:17-81
uses-sdk
INJECTED from src\main\AndroidManifest.xml reason: use-sdk injection requested
INJECTED from src\main\AndroidManifest.xml
INJECTED from src\main\AndroidManifest.xml
MERGED from [:@react-native-community_geolocation] AndroidManifest.xml:5:5-7:41
MERGED from [:@react-native-community_geolocation] AndroidManifest.xml:5:5-7:41
MERGED from [:@react-native-mapbox-gl_maps] AndroidManifest.xml:7:5-9:41
MERGED from [:@react-native-mapbox-gl_maps] AndroidManifest.xml:7:5-9:41
MERGED from [:react-native-gesture-handler] AndroidManifest.xml:7:5-9:41
MERGED from [:react-native-gesture-handler] AndroidManifest.xml:7:5-9:41
MERGED from [:react-native-reanimated] AndroidManifest.xml:7:5-9:41
MERGED from [:react-native-reanimated] AndroidManifest.xml:7:5-9:41
MERGED from [:react-native-vector-icons] AndroidManifest.xml:7:5-9:41
MERGED from [:react-native-vector-icons] AndroidManifest.xml:7:5-9:41
MERGED from [com.facebook.react:react-native:0.61.5] AndroidManifest.xml:7:5-9:41
MERGED from [com.facebook.react:react-native:0.61.5] AndroidManifest.xml:7:5-9:41
MERGED from [org.webkit:android-jsc:r245459] AndroidManifest.xml:7:5-9:41
MERGED from [org.webkit:android-jsc:r245459] AndroidManifest.xml:7:5-9:41
MERGED from [com.mapbox.mapboxsdk:mapbox-android-plugin-annotation-v8:0.7.0] AndroidManifest.xml:5:5-7:41
MERGED from [com.mapbox.mapboxsdk:mapbox-android-plugin-annotation-v8:0.7.0] AndroidManifest.xml:5:5-7:41
MERGED from [com.mapbox.mapboxsdk:mapbox-android-plugin-localization-v8:0.10.0] AndroidManifest.xml:5:5-7:41
MERGED from [com.mapbox.mapboxsdk:mapbox-android-plugin-localization-v8:0.10.0] AndroidManifest.xml:5:5-7:41
MERGED from [com.mapbox.mapboxsdk:mapbox-android-plugin-markerview-v8:0.3.0] AndroidManifest.xml:5:5-7:41
MERGED from [com.mapbox.mapboxsdk:mapbox-android-plugin-markerview-v8:0.3.0] AndroidManifest.xml:5:5-7:41
MERGED from [androidx.appcompat:appcompat:1.0.2] AndroidManifest.xml:20:5-44
MERGED from [androidx.appcompat:appcompat:1.0.2] AndroidManifest.xml:20:5-44
MERGED from [com.facebook.fresco:fresco:2.0.0] AndroidManifest.xml:5:5-7:41
MERGED from [com.facebook.fresco:fresco:2.0.0] AndroidManifest.xml:5:5-7:41
MERGED from [com.facebook.fresco:imagepipeline-okhttp3:2.0.0] AndroidManifest.xml:5:5-7:41
MERGED from [com.facebook.fresco:imagepipeline-okhttp3:2.0.0] AndroidManifest.xml:5:5-7:41
MERGED from [com.mapbox.mapboxsdk:mapbox-android-sdk:8.2.1] AndroidManifest.xml:5:5-7:41
MERGED from [com.mapbox.mapboxsdk:mapbox-android-sdk:8.2.1] AndroidManifest.xml:5:5-7:41
MERGED from [com.facebook.fresco:drawee:2.0.0] AndroidManifest.xml:5:5-7:41
MERGED from [com.facebook.fresco:drawee:2.0.0] AndroidManifest.xml:5:5-7:41
MERGED from [com.facebook.fresco:nativeimagefilters:2.0.0] AndroidManifest.xml:5:5-7:41
MERGED from [com.facebook.fresco:nativeimagefilters:2.0.0] AndroidManifest.xml:5:5-7:41
MERGED from [com.facebook.fresco:imagepipeline:2.0.0] AndroidManifest.xml:5:5-7:41
MERGED from [com.facebook.fresco:imagepipeline:2.0.0] AndroidManifest.xml:5:5-7:41
MERGED from [com.facebook.fresco:nativeimagetranscoder:2.0.0] AndroidManifest.xml:5:5-7:41
MERGED from [com.facebook.fresco:nativeimagetranscoder:2.0.0] AndroidManifest.xml:5:5-7:41
MERGED from [com.facebook.fresco:imagepipeline-base:2.0.0] AndroidManifest.xml:5:5-7:41
MERGED from [com.facebook.fresco:imagepipeline-base:2.0.0] AndroidManifest.xml:5:5-7:41
MERGED from [com.facebook.soloader:soloader:0.6.0] AndroidManifest.xml:7:5-9:41
MERGED from [com.facebook.soloader:soloader:0.6.0] AndroidManifest.xml:7:5-9:41
MERGED from [com.mapbox.mapboxsdk:mapbox-android-telemetry:4.5.1] AndroidManifest.xml:7:5-9:41
MERGED from [com.mapbox.mapboxsdk:mapbox-android-telemetry:4.5.1] AndroidManifest.xml:7:5-9:41
MERGED from [androidx.vectordrawable:vectordrawable-animated:1.0.0] AndroidManifest.xml:20:5-44
MERGED from [androidx.vectordrawable:vectordrawable-animated:1.0.0] AndroidManifest.xml:20:5-44
MERGED from [androidx.vectordrawable:vectordrawable:1.0.1] AndroidManifest.xml:20:5-44
MERGED from [androidx.vectordrawable:vectordrawable:1.0.1] AndroidManifest.xml:20:5-44
MERGED from [androidx.transition:transition:1.1.0] AndroidManifest.xml:20:5-44
MERGED from [androidx.transition:transition:1.1.0] AndroidManifest.xml:20:5-44
MERGED from [com.mapbox.mapboxsdk:mapbox-android-gestures:0.5.1] AndroidManifest.xml:7:5-9:41
MERGED from [com.mapbox.mapboxsdk:mapbox-android-gestures:0.5.1] AndroidManifest.xml:7:5-9:41
MERGED from [androidx.fragment:fragment:1.0.0] AndroidManifest.xml:20:5-44
MERGED from [androidx.fragment:fragment:1.0.0] AndroidManifest.xml:20:5-44
MERGED from [androidx.legacy:legacy-support-core-ui:1.0.0] AndroidManifest.xml:20:5-44
MERGED from [androidx.legacy:legacy-support-core-ui:1.0.0] AndroidManifest.xml:20:5-44
MERGED from [androidx.legacy:legacy-support-core-utils:1.0.0] AndroidManifest.xml:20:5-44
MERGED from [androidx.legacy:legacy-support-core-utils:1.0.0] AndroidManifest.xml:20:5-44
MERGED from [androidx.loader:loader:1.0.0] AndroidManifest.xml:20:5-44
MERGED from [androidx.loader:loader:1.0.0] AndroidManifest.xml:20:5-44
MERGED from [androidx.viewpager:viewpager:1.0.0] AndroidManifest.xml:20:5-44
MERGED from [androidx.viewpager:viewpager:1.0.0] AndroidManifest.xml:20:5-44
MERGED from [androidx.coordinatorlayout:coordinatorlayout:1.0.0] AndroidManifest.xml:20:5-44
MERGED from [androidx.coordinatorlayout:coordinatorlayout:1.0.0] AndroidManifest.xml:20:5-44
MERGED from [androidx.drawerlayout:drawerlayout:1.0.0] AndroidManifest.xml:20:5-44
MERGED from [androidx.drawerlayout:drawerlayout:1.0.0] AndroidManifest.xml:20:5-44
MERGED from [androidx.slidingpanelayout:slidingpanelayout:1.0.0] AndroidManifest.xml:20:5-44
MERGED from [androidx.slidingpanelayout:slidingpanelayout:1.0.0] AndroidManifest.xml:20:5-44
MERGED from [androidx.customview:customview:1.0.0] AndroidManifest.xml:20:5-44
MERGED from [androidx.customview:customview:1.0.0] AndroidManifest.xml:20:5-44
MERGED from [androidx.swiperefreshlayout:swiperefreshlayout:1.0.0] AndroidManifest.xml:20:5-44
MERGED from [androidx.swiperefreshlayout:swiperefreshlayout:1.0.0] AndroidManifest.xml:20:5-44
MERGED from [androidx.asynclayoutinflater:asynclayoutinflater:1.0.0] AndroidManifest.xml:20:5-44
MERGED from [androidx.asynclayoutinflater:asynclayoutinflater:1.0.0] AndroidManifest.xml:20:5-44
MERGED from [androidx.core:core:1.0.1] AndroidManifest.xml:20:5-44
MERGED from [androidx.core:core:1.0.1] AndroidManifest.xml:20:5-44
MERGED from [androidx.versionedparcelable:versionedparcelable:1.0.0] AndroidManifest.xml:20:5-44
MERGED from [androidx.versionedparcelable:versionedparcelable:1.0.0] AndroidManifest.xml:20:5-44
MERGED from [androidx.cursoradapter:cursoradapter:1.0.0] AndroidManifest.xml:20:5-44
MERGED from [androidx.cursoradapter:cursoradapter:1.0.0] AndroidManifest.xml:20:5-44
MERGED from [com.mapbox.mapboxsdk:mapbox-android-accounts:0.2.0] AndroidManifest.xml:5:5-7:41
MERGED from [com.mapbox.mapboxsdk:mapbox-android-accounts:0.2.0] AndroidManifest.xml:5:5-7:41
MERGED from [androidx.lifecycle:lifecycle-runtime:2.0.0] AndroidManifest.xml:20:5-44
MERGED from [androidx.lifecycle:lifecycle-runtime:2.0.0] AndroidManifest.xml:20:5-44
MERGED from [androidx.documentfile:documentfile:1.0.0] AndroidManifest.xml:20:5-44
MERGED from [androidx.documentfile:documentfile:1.0.0] AndroidManifest.xml:20:5-44
MERGED from [androidx.localbroadcastmanager:localbroadcastmanager:1.0.0] AndroidManifest.xml:20:5-44
MERGED from [androidx.localbroadcastmanager:localbroadcastmanager:1.0.0] AndroidManifest.xml:20:5-44
MERGED from [androidx.print:print:1.0.0] AndroidManifest.xml:20:5-44
MERGED from [androidx.print:print:1.0.0] AndroidManifest.xml:20:5-44
MERGED from [androidx.lifecycle:lifecycle-viewmodel:2.0.0] AndroidManifest.xml:20:5-44
MERGED from [androidx.lifecycle:lifecycle-viewmodel:2.0.0] AndroidManifest.xml:20:5-44
MERGED from [androidx.lifecycle:lifecycle-livedata:2.0.0] AndroidManifest.xml:20:5-44
MERGED from [androidx.lifecycle:lifecycle-livedata:2.0.0] AndroidManifest.xml:20:5-44
MERGED from [androidx.lifecycle:lifecycle-livedata-core:2.0.0] AndroidManifest.xml:20:5-44
MERGED from [androidx.lifecycle:lifecycle-livedata-core:2.0.0] AndroidManifest.xml:20:5-44
MERGED from [androidx.arch.core:core-runtime:2.0.0] AndroidManifest.xml:20:5-44
MERGED from [androidx.arch.core:core-runtime:2.0.0] AndroidManifest.xml:20:5-44
MERGED from [androidx.interpolator:interpolator:1.0.0] AndroidManifest.xml:20:5-44
MERGED from [androidx.interpolator:interpolator:1.0.0] AndroidManifest.xml:20:5-44
MERGED from [com.facebook.fresco:fbcore:2.0.0] AndroidManifest.xml:5:5-7:41
MERGED from [com.facebook.fresco:fbcore:2.0.0] AndroidManifest.xml:5:5-7:41
MERGED from [com.jakewharton.timber:timber:4.7.1] AndroidManifest.xml:5:5-43
MERGED from [com.jakewharton.timber:timber:4.7.1] AndroidManifest.xml:5:5-43
MERGED from [com.mapbox.mapboxsdk:mapbox-android-core:1.3.0] AndroidManifest.xml:7:5-9:41
MERGED from [com.mapbox.mapboxsdk:mapbox-android-core:1.3.0] AndroidManifest.xml:7:5-9:41
INJECTED from src\debug\AndroidManifest.xml
INJECTED from src\debug\AndroidManifest.xml
	android:targetSdkVersion
		INJECTED from src\main\AndroidManifest.xml
		INJECTED from src\debug\AndroidManifest.xml
	android:minSdkVersion
		INJECTED from src\main\AndroidManifest.xml
		INJECTED from src\debug\AndroidManifest.xml
uses-permission#android.permission.SYSTEM_ALERT_WINDOW
ADDED from src\debug\AndroidManifest.xml:5:5-77
	android:name
		ADDED from src\debug\AndroidManifest.xml:5:22-75
uses-permission#android.permission.ACCESS_FINE_LOCATION
ADDED from [:@react-native-mapbox-gl_maps] AndroidManifest.xml:12:5-79
MERGED from [com.mapbox.mapboxsdk:mapbox-android-telemetry:4.5.1] AndroidManifest.xml:13:5-79
MERGED from [com.mapbox.mapboxsdk:mapbox-android-telemetry:4.5.1] AndroidManifest.xml:13:5-79
MERGED from [com.mapbox.mapboxsdk:mapbox-android-core:1.3.0] AndroidManifest.xml:11:5-79
MERGED from [com.mapbox.mapboxsdk:mapbox-android-core:1.3.0] AndroidManifest.xml:11:5-79
	android:name
		ADDED from [:@react-native-mapbox-gl_maps] AndroidManifest.xml:12:22-76
uses-feature#0x00020000
ADDED from [com.mapbox.mapboxsdk:mapbox-android-sdk:8.2.1] AndroidManifest.xml:9:5-11:35
	android:glEsVersion
		ADDED from [com.mapbox.mapboxsdk:mapbox-android-sdk:8.2.1] AndroidManifest.xml:10:9-41
	android:required
		ADDED from [com.mapbox.mapboxsdk:mapbox-android-sdk:8.2.1] AndroidManifest.xml:11:9-32
uses-feature#android.hardware.wifi
ADDED from [com.mapbox.mapboxsdk:mapbox-android-sdk:8.2.1] AndroidManifest.xml:12:5-14:36
	android:required
		ADDED from [com.mapbox.mapboxsdk:mapbox-android-sdk:8.2.1] AndroidManifest.xml:14:9-33
	android:name
		ADDED from [com.mapbox.mapboxsdk:mapbox-android-sdk:8.2.1] AndroidManifest.xml:13:9-45
uses-permission#android.permission.ACCESS_NETWORK_STATE
ADDED from [com.mapbox.mapboxsdk:mapbox-android-sdk:8.2.1] AndroidManifest.xml:17:5-79
MERGED from [com.mapbox.mapboxsdk:mapbox-android-telemetry:4.5.1] AndroidManifest.xml:14:5-79
MERGED from [com.mapbox.mapboxsdk:mapbox-android-telemetry:4.5.1] AndroidManifest.xml:14:5-79
MERGED from [com.mapbox.mapboxsdk:mapbox-android-core:1.3.0] AndroidManifest.xml:12:5-79
MERGED from [com.mapbox.mapboxsdk:mapbox-android-core:1.3.0] AndroidManifest.xml:12:5-79
	android:name
		ADDED from [com.mapbox.mapboxsdk:mapbox-android-sdk:8.2.1] AndroidManifest.xml:17:22-76
uses-permission#android.permission.ACCESS_WIFI_STATE
ADDED from [com.mapbox.mapboxsdk:mapbox-android-sdk:8.2.1] AndroidManifest.xml:18:5-76
MERGED from [com.mapbox.mapboxsdk:mapbox-android-telemetry:4.5.1] AndroidManifest.xml:15:5-76
MERGED from [com.mapbox.mapboxsdk:mapbox-android-telemetry:4.5.1] AndroidManifest.xml:15:5-76
	android:name
		ADDED from [com.mapbox.mapboxsdk:mapbox-android-sdk:8.2.1] AndroidManifest.xml:18:22-73
uses-permission#android.permission.WAKE_LOCK
ADDED from [com.mapbox.mapboxsdk:mapbox-android-telemetry:4.5.1] AndroidManifest.xml:12:5-68
	android:name
		ADDED from [com.mapbox.mapboxsdk:mapbox-android-telemetry:4.5.1] AndroidManifest.xml:12:22-65
provider#com.mapbox.android.telemetry.provider.MapboxTelemetryInitProvider
ADDED from [com.mapbox.mapboxsdk:mapbox-android-telemetry:4.5.1] AndroidManifest.xml:19:9-23:39
	android:authorities
		ADDED from [com.mapbox.mapboxsdk:mapbox-android-telemetry:4.5.1] AndroidManifest.xml:21:13-79
	android:exported
		ADDED from [com.mapbox.mapboxsdk:mapbox-android-telemetry:4.5.1] AndroidManifest.xml:22:13-37
	android:initOrder
		ADDED from [com.mapbox.mapboxsdk:mapbox-android-telemetry:4.5.1] AndroidManifest.xml:23:13-36
	android:name
		ADDED from [com.mapbox.mapboxsdk:mapbox-android-telemetry:4.5.1] AndroidManifest.xml:20:13-93
service#com.mapbox.android.telemetry.crash.CrashReporterJobIntentService
ADDED from [com.mapbox.mapboxsdk:mapbox-android-telemetry:4.5.1] AndroidManifest.xml:25:9-27:72
	android:permission
		ADDED from [com.mapbox.mapboxsdk:mapbox-android-telemetry:4.5.1] AndroidManifest.xml:27:13-69
	android:name
		ADDED from [com.mapbox.mapboxsdk:mapbox-android-telemetry:4.5.1] AndroidManifest.xml:26:13-92